# JRE version: Java(TM) SE Runtime Environment (8.0_191-b12) (build 1.8.0_191-b12)
# Java VM: Java HotSpot(TM) 64-Bit Server VM (25.191-b12 mixed mode linux-amd64 compressed oops)
Heap:
 PSYoungGen      total 537600K, used 399115K [0x0000000580100000, 0x00000005a5880000, 0x0000000800000000)
  eden space 488960K, 79% used [0x0000000580100000,0x0000000597abac70,0x000000059de80000)
  from space 48640K, 25% used [0x00000005a2900000,0x00000005a3508050,0x00000005a5880000)
  to   space 62464K, 0% used [0x000000059de80000,0x000000059de80000,0x00000005a1b80000)
 ParOldGen       total 1000448K, used 80889K [0x0000000080200000, 0x00000000bd300000, 0x0000000580100000)
  object space 1000448K, 8% used [0x0000000080200000,0x00000000850fe438,0x00000000bd300000)
 Metaspace       used 55342K, capacity 60016K, committed 60248K, reserved 1101824K
  class space    used 6730K, capacity 8258K, committed 8320K, reserved 1048576K
GC Heap History (10 events):
Event: 1071.823 GC heap before
{Heap before GC invocations=7 (full 3):
 PSYoungGen      total 611840K, used 524800K [0x0000000580100000, 0x00000005aab80000, 0x0000000800000000)
  eden space 524800K, 100% used [0x0000000580100000,0x00000005a0180000,0x00000005a0180000)
  from space 87040K, 0% used [0x00000005a0180000,0x00000005a0180000,0x00000005a5680000)
  to   space 87040K, 0% used [0x00000005a5680000,0x00000005a5680000,0x00000005aab80000)
 ParOldGen       total 1000448K, used 80865K [0x0000000080200000, 0x00000000bd300000, 0x0000000580100000)
  object space 1000448K, 8% used [0x0000000080200000,0x00000000850f8438,0x00000000bd300000)
 Metaspace       used 54447K, capacity 59120K, committed 59480K, reserved 1099776K
  class space    used 6729K, capacity 8258K, committed 8320K, reserved 1048576K
Event: 1071.831 GC heap after
Heap after GC invocations=7 (full 3):
 PSYoungGen      total 611840K, used 1697K [0x0000000580100000, 0x00000005aab80000, 0x0000000800000000)
  eden space 524800K, 0% used [0x0000000580100000,0x0000000580100000,0x00000005a0180000)
  from space 87040K, 1% used [0x00000005a5680000,0x00000005a58284f8,0x00000005aab80000)
  to   space 87040K, 0% used [0x00000005a0180000,0x00000005a0180000,0x00000005a5680000)
 ParOldGen       total 1000448K, used 80865K [0x0000000080200000, 0x00000000bd300000, 0x0000000580100000)
  object space 1000448K, 8% used [0x0000000080200000,0x00000000850f8438,0x00000000bd300000)
 Metaspace       used 54447K, capacity 59120K, committed 59480K, reserved 1099776K
  class space    used 6729K, capacity 8258K, committed 8320K, reserved 1048576K
}
Event: 1168.328 GC heap before
{Heap before GC invocations=8 (full 3):
 PSYoungGen      total 611840K, used 526497K [0x0000000580100000, 0x00000005aab80000, 0x0000000800000000)
  eden space 524800K, 100% used [0x0000000580100000,0x00000005a0180000,0x00000005a0180000)
  from space 87040K, 1% used [0x00000005a5680000,0x00000005a58284f8,0x00000005aab80000)
  to   space 87040K, 0% used [0x00000005a0180000,0x00000005a0180000,0x00000005a5680000)
 ParOldGen       total 1000448K, used 80865K [0x0000000080200000, 0x00000000bd300000, 0x0000000580100000)
  object space 1000448K, 8% used [0x0000000080200000,0x00000000850f8438,0x00000000bd300000)
 Metaspace       used 54559K, capacity 59248K, committed 59480K, reserved 1099776K
  class space    used 6729K, capacity 8258K, committed 8320K, reserved 1048576K
Event: 1168.338 GC heap after
Heap after GC invocations=8 (full 3):
 PSYoungGen      total 517632K, used 1888K [0x0000000580100000, 0x00000005a8980000, 0x0000000800000000)
  eden space 515584K, 0% used [0x0000000580100000,0x0000000580100000,0x000000059f880000)
  from space 2048K, 92% used [0x00000005a0180000,0x00000005a0358030,0x00000005a0380000)
  to   space 74240K, 0% used [0x00000005a4100000,0x00000005a4100000,0x00000005a8980000)
 ParOldGen       total 1000448K, used 80873K [0x0000000080200000, 0x00000000bd300000, 0x0000000580100000)
  object space 1000448K, 8% used [0x0000000080200000,0x00000000850fa438,0x00000000bd300000)
 Metaspace       used 54559K, capacity 59248K, committed 59480K, reserved 1099776K
  class space    used 6729K, capacity 8258K, committed 8320K, reserved 1048576K
}
Event: 1206.382 GC heap before
{Heap before GC invocations=9 (full 3):
 PSYoungGen      total 517632K, used 517472K [0x0000000580100000, 0x00000005a8980000, 0x0000000800000000)
  eden space 515584K, 100% used [0x0000000580100000,0x000000059f880000,0x000000059f880000)
  from space 2048K, 92% used [0x00000005a0180000,0x00000005a0358030,0x00000005a0380000)
  to   space 74240K, 0% used [0x00000005a4100000,0x00000005a4100000,0x00000005a8980000)
 ParOldGen       total 1000448K, used 80873K [0x0000000080200000, 0x00000000bd300000, 0x0000000580100000)
  object space 1000448K, 8% used [0x0000000080200000,0x00000000850fa438,0x00000000bd300000)
 Metaspace       used 54596K, capacity 59248K, committed 59480K, reserved 1099776K
  class space    used 6729K, capacity 8258K, committed 8320K, reserved 1048576K
Event: 1206.391 GC heap after
Heap after GC invocations=9 (full 3):
 PSYoungGen      total 566272K, used 1600K [0x0000000580100000, 0x00000005a7b80000, 0x0000000800000000)
  eden space 506368K, 0% used [0x0000000580100000,0x0000000580100000,0x000000059ef80000)
  from space 59904K, 2% used [0x00000005a4100000,0x00000005a4290000,0x00000005a7b80000)
  to   space 71680K, 0% used [0x000000059ef80000,0x000000059ef80000,0x00000005a3580000)
 ParOldGen       total 1000448K, used 80881K [0x0000000080200000, 0x00000000bd300000, 0x0000000580100000)
  object space 1000448K, 8% used [0x0000000080200000,0x00000000850fc438,0x00000000bd300000)
 Metaspace       used 54596K, capacity 59248K, committed 59480K, reserved 1099776K
  class space    used 6729K, capacity 8258K, committed 8320K, reserved 1048576K
}
Event: 26196.851 GC heap before
{Heap before GC invocations=10 (full 3):
 PSYoungGen      total 566272K, used 507968K [0x0000000580100000, 0x00000005a7b80000, 0x0000000800000000)
  eden space 506368K, 100% used [0x0000000580100000,0x000000059ef80000,0x000000059ef80000)
  from space 59904K, 2% used [0x00000005a4100000,0x00000005a4290000,0x00000005a7b80000)
  to   space 71680K, 0% used [0x000000059ef80000,0x000000059ef80000,0x00000005a3580000)
 ParOldGen       total 1000448K, used 80881K [0x0000000080200000, 0x00000000bd300000, 0x0000000580100000)
  object space 1000448K, 8% used [0x0000000080200000,0x00000000850fc438,0x00000000bd300000)
 Metaspace       used 55039K, capacity 59632K, committed 59992K, reserved 1101824K
  class space    used 6729K, capacity 8258K, committed 8320K, reserved 1048576K
Event: 26196.869 GC heap after
Heap after GC invocations=10 (full 3):
 PSYoungGen      total 503808K, used 5664K [0x0000000580100000, 0x00000005a6b00000, 0x0000000800000000)
  eden space 497664K, 0% used [0x0000000580100000,0x0000000580100000,0x000000059e700000)
  from space 6144K, 92% used [0x000000059ef80000,0x000000059f5080b8,0x000000059f580000)
  to   space 67584K, 0% used [0x00000005a2900000,0x00000005a2900000,0x00000005a6b00000)
 ParOldGen       total 1000448K, used 80889K [0x0000000080200000, 0x00000000bd300000, 0x0000000580100000)
  object space 1000448K, 8% used [0x0000000080200000,0x00000000850fe438,0x00000000bd300000)
 Metaspace       used 55039K, capacity 59632K, committed 59992K, reserved 1101824K
  class space    used 6729K, capacity 8258K, committed 8320K, reserved 1048576K
}
Event: 107506.227 GC heap before
{Heap before GC invocations=11 (full 3):
 PSYoungGen      total 503808K, used 503328K [0x0000000580100000, 0x00000005a6b00000, 0x0000000800000000)
  eden space 497664K, 100% used [0x0000000580100000,0x000000059e700000,0x000000059e700000)
  from space 6144K, 92% used [0x000000059ef80000,0x000000059f5080b8,0x000000059f580000)
  to   space 67584K, 0% used [0x00000005a2900000,0x00000005a2900000,0x00000005a6b00000)
 ParOldGen       total 1000448K, used 80889K [0x0000000080200000, 0x00000000bd300000, 0x0000000580100000)
  object space 1000448K, 8% used [0x0000000080200000,0x00000000850fe438,0x00000000bd300000)
 Metaspace       used 55303K, capacity 60016K, committed 60248K, reserved 1101824K
  class space    used 6729K, capacity 8258K, committed 8320K, reserved 1048576K
Event: 107506.385 GC heap after
Heap after GC invocations=11 (full 3):
 PSYoungGen      total 537600K, used 12320K [0x0000000580100000, 0x00000005a5880000, 0x0000000800000000)
  eden space 488960K, 0% used [0x0000000580100000,0x0000000580100000,0x000000059de80000)
  from space 48640K, 25% used [0x00000005a2900000,0x00000005a3508050,0x00000005a5880000)
  to   space 62464K, 0% used [0x000000059de80000,0x000000059de80000,0x00000005a1b80000)
 ParOldGen       total 1000448K, used 80889K [0x0000000080200000, 0x00000000bd300000, 0x0000000580100000)
  object space 1000448K, 8% used [0x0000000080200000,0x00000000850fe438,0x00000000bd300000)
 Metaspace       used 55303K, capacity 60016K, committed 60248K, reserved 1101824K
  class space    used 6729K, capacity 8258K, committed 8320K, reserved 1048576K
}

